<?xml version="1.0" encoding="UTF-8"?>
<robot generator="Robot 6.0.1 (Python 3.11.0 on win32)" generated="20221128 15:17:41.304" rpa="false" schemaversion="3">
<suite id="s1" name="Test" source="C:\Users\Administrator\PycharmProjects\QA-Automation-Framework\Tests\Test.robot">
<test id="s1-t1" name="TEST FOR CONNECTION ESTABLISHMENT...." line="12">
<kw name="ssh_connection" library="awsDUKeyword">
<kw name="Gethost" library="awsdu_util">
<var>${host}</var>
<msg timestamp="20221128 15:17:41.864" level="INFO">C:\Users\Administrator\PycharmProjects\QA-Automation-Framework\Config\DU_config.xml</msg>
<msg timestamp="20221128 15:17:41.864" level="INFO">${host} = 20.200.10.173</msg>
<status status="PASS" starttime="20221128 15:17:41.849" endtime="20221128 15:17:41.864"/>
</kw>
<kw name="Log To Console" library="BuiltIn">
<arg>${host}</arg>
<doc>Logs the given message to the console.</doc>
<status status="PASS" starttime="20221128 15:17:41.864" endtime="20221128 15:17:41.864"/>
</kw>
<kw name="Getusername" library="awsdu_util">
<var>${username}</var>
<msg timestamp="20221128 15:17:41.864" level="INFO">${username} = ubuntu</msg>
<status status="PASS" starttime="20221128 15:17:41.864" endtime="20221128 15:17:41.864"/>
</kw>
<kw name="Log To Console" library="BuiltIn">
<arg>${username}</arg>
<doc>Logs the given message to the console.</doc>
<status status="PASS" starttime="20221128 15:17:41.864" endtime="20221128 15:17:41.864"/>
</kw>
<kw name="Login" library="SSHLibrary">
<arg>${username}</arg>
<doc>Logs into the SSH server with the given ``username`` and ``password``.</doc>
<msg timestamp="20221128 15:17:41.864" level="FAIL">No open connection.</msg>
<status status="FAIL" starttime="20221128 15:17:41.864" endtime="20221128 15:17:41.864"/>
</kw>
<kw name="Execute Command" library="SSHLibrary">
<arg>hostname</arg>
<doc>Executes ``command`` on the remote machine and returns its outputs.</doc>
<status status="NOT RUN" starttime="20221128 15:17:41.864" endtime="20221128 15:17:41.864"/>
</kw>
<kw name="Close All Connections" library="SSHLibrary">
<doc>Closes all open connections.</doc>
<status status="NOT RUN" starttime="20221128 15:17:41.864" endtime="20221128 15:17:41.864"/>
</kw>
<status status="FAIL" starttime="20221128 15:17:41.849" endtime="20221128 15:17:41.864"/>
</kw>
<status status="FAIL" starttime="20221128 15:17:41.849" endtime="20221128 15:17:41.864">No open connection.</status>
</test>
<status status="FAIL" starttime="20221128 15:17:41.304" endtime="20221128 15:17:41.864"/>
</suite>
<statistics>
<total>
<stat pass="0" fail="1" skip="0">All Tests</stat>
</total>
<tag>
</tag>
<suite>
<stat pass="0" fail="1" skip="0" id="s1" name="Test">Test</stat>
</suite>
</statistics>
<errors>
</errors>
</robot>
